<?xml version="1.0" encoding="UTF-8"?>
<testng-results skipped="0" failed="0" total="1" passed="1">
  <reporter-output>
  </reporter-output>
  <suite name="Default suite" duration-ms="61781" started-at="2018-04-24T15:59:18Z" finished-at="2018-04-24T16:00:20Z">
    <groups>
    </groups>
    <test name="Default test" duration-ms="61781" started-at="2018-04-24T15:59:18Z" finished-at="2018-04-24T16:00:20Z">
      <class name="seleniumTest.NinthSetOfTests">
        <test-method status="PASS" signature="currentlyUsingQuickBooks()[pri:0, instance:seleniumTest.NinthSetOfTests@57d5872c]" name="currentlyUsingQuickBooks" duration-ms="61769" started-at="2018-04-24T08:59:18Z" finished-at="2018-04-24T09:00:20Z">
          <reporter-output>
          </reporter-output>
        </test-method> <!-- currentlyUsingQuickBooks -->
      </class> <!-- seleniumTest.NinthSetOfTests -->
    </test> <!-- Default test -->
  </suite> <!-- Default suite -->
</testng-results>
